app/build/intermediates/manifest_merge_blame_file/debug/manifest-merger-blame-debug-report.txt
1<?xml version="1.0" encoding="utf-8"?>
2<manifest xmlns:android="http://schemas.android.com/apk/res/android"
3    package="com.madoka.movieshop"
4    android:versionCode="1"
5    android:versionName="1.0" >
6
7    <uses-sdk
8        android:minSdkVersion="21"
9        android:targetSdkVersion="34" />
10
11    <uses-permission android:name="android.permission.INTERNET" />
11-->src/main/AndroidManifest.xml:5:5-67
11-->src/main/AndroidManifest.xml:5:22-64
12    <uses-permission android:name="android.permission.ACCESS_NETWORK_STATE" />
12-->src/main/AndroidManifest.xml:6:5-79
12-->src/main/AndroidManifest.xml:6:22-76
13    <uses-permission android:name="android.permission.ACCESS_WIFI_STATE" />
13-->src/main/AndroidManifest.xml:7:5-76
13-->src/main/AndroidManifest.xml:7:22-73
14    <uses-permission android:name="android.permission.POST_NOTIFICATIONS" />
14-->[:data] AndroidManifest.xml:7:5-77
14-->[:data] AndroidManifest.xml:7:22-74
15    <uses-permission android:name="android.permission.ACCESS_FINE_LOCATION" />
15-->[:domain] AndroidManifest.xml:8:5-79
15-->[:domain] AndroidManifest.xml:8:22-76
16    <uses-permission android:name="android.permission.ACCESS_COARSE_LOCATION" />
16-->[:domain] AndroidManifest.xml:9:5-81
16-->[:domain] AndroidManifest.xml:9:22-78
17    <uses-permission android:name="android.permission.WAKE_LOCK" />
17-->[androidx.work:work-runtime:2.7.0] AndroidManifest.xml:25:5-68
17-->[androidx.work:work-runtime:2.7.0] AndroidManifest.xml:25:22-65
18    <uses-permission android:name="android.permission.RECEIVE_BOOT_COMPLETED" />
18-->[androidx.work:work-runtime:2.7.0] AndroidManifest.xml:27:5-81
18-->[androidx.work:work-runtime:2.7.0] AndroidManifest.xml:27:22-78
19    <uses-permission android:name="android.permission.FOREGROUND_SERVICE" />
19-->[androidx.work:work-runtime:2.7.0] AndroidManifest.xml:28:5-77
19-->[androidx.work:work-runtime:2.7.0] AndroidManifest.xml:28:22-74
20
21    <permission
21-->[androidx.core:core:1.12.0] AndroidManifest.xml:22:5-24:47
22        android:name="com.madoka.movieshop.DYNAMIC_RECEIVER_NOT_EXPORTED_PERMISSION"
22-->[androidx.core:core:1.12.0] AndroidManifest.xml:23:9-81
23        android:protectionLevel="signature" />
23-->[androidx.core:core:1.12.0] AndroidManifest.xml:24:9-44
24
25    <uses-permission android:name="com.madoka.movieshop.DYNAMIC_RECEIVER_NOT_EXPORTED_PERMISSION" />
25-->[androidx.core:core:1.12.0] AndroidManifest.xml:26:5-97
25-->[androidx.core:core:1.12.0] AndroidManifest.xml:26:22-94
26
27    <application
27-->src/main/AndroidManifest.xml:9:5-31:19
28        android:name="com.madoka.movieshop.MovieShop"
28-->src/main/AndroidManifest.xml:10:9-34
29        android:allowBackup="true"
29-->src/main/AndroidManifest.xml:11:9-35
30        android:appComponentFactory="androidx.core.app.CoreComponentFactory"
30-->[androidx.core:core:1.12.0] AndroidManifest.xml:28:18-86
31        android:dataExtractionRules="@xml/data_extraction_rules"
31-->src/main/AndroidManifest.xml:12:9-65
32        android:debuggable="true"
33        android:extractNativeLibs="true"
34        android:fullBackupContent="@xml/backup_rules"
34-->src/main/AndroidManifest.xml:13:9-54
35        android:icon="@mipmap/ic_launcher"
35-->src/main/AndroidManifest.xml:14:9-43
36        android:label="@string/app_name"
36-->src/main/AndroidManifest.xml:15:9-41
37        android:roundIcon="@mipmap/ic_launcher_round"
37-->src/main/AndroidManifest.xml:16:9-54
38        android:supportsRtl="true"
38-->src/main/AndroidManifest.xml:17:9-35
39        android:theme="@style/Theme.MovieShop" >
39-->src/main/AndroidManifest.xml:18:9-47
40        <activity
40-->src/main/AndroidManifest.xml:20:9-30:20
41            android:name="com.madoka.movieshop.MainActivity"
41-->src/main/AndroidManifest.xml:21:13-41
42            android:exported="true"
42-->src/main/AndroidManifest.xml:22:13-36
43            android:label="@string/app_name"
43-->src/main/AndroidManifest.xml:23:13-45
44            android:theme="@style/Theme.MovieShop" >
44-->src/main/AndroidManifest.xml:24:13-51
45            <intent-filter>
45-->src/main/AndroidManifest.xml:25:13-29:29
46                <action android:name="android.intent.action.MAIN" />
46-->src/main/AndroidManifest.xml:26:17-69
46-->src/main/AndroidManifest.xml:26:25-66
47
48                <category android:name="android.intent.category.LAUNCHER" />
48-->src/main/AndroidManifest.xml:28:17-77
48-->src/main/AndroidManifest.xml:28:27-74
49            </intent-filter>
50        </activity>
51        <activity
51-->[androidx.compose.ui:ui-test-manifest:1.6.5] AndroidManifest.xml:23:9-25:39
52            android:name="androidx.activity.ComponentActivity"
52-->[androidx.compose.ui:ui-test-manifest:1.6.5] AndroidManifest.xml:24:13-63
53            android:exported="true" />
53-->[androidx.compose.ui:ui-test-manifest:1.6.5] AndroidManifest.xml:25:13-36
54
55        <provider
55-->[androidx.work:work-runtime:2.7.0] AndroidManifest.xml:31:9-39:20
56            android:name="androidx.startup.InitializationProvider"
56-->[androidx.work:work-runtime:2.7.0] AndroidManifest.xml:32:13-67
57            android:authorities="com.madoka.movieshop.androidx-startup"
57-->[androidx.work:work-runtime:2.7.0] AndroidManifest.xml:33:13-68
58            android:exported="false" >
58-->[androidx.work:work-runtime:2.7.0] AndroidManifest.xml:34:13-37
59            <meta-data
59-->[androidx.work:work-runtime:2.7.0] AndroidManifest.xml:36:13-38:52
60                android:name="androidx.work.WorkManagerInitializer"
60-->[androidx.work:work-runtime:2.7.0] AndroidManifest.xml:37:17-68
61                android:value="androidx.startup" />
61-->[androidx.work:work-runtime:2.7.0] AndroidManifest.xml:38:17-49
62            <meta-data
62-->[androidx.emoji2:emoji2:1.3.0] AndroidManifest.xml:29:13-31:52
63                android:name="androidx.emoji2.text.EmojiCompatInitializer"
63-->[androidx.emoji2:emoji2:1.3.0] AndroidManifest.xml:30:17-75
64                android:value="androidx.startup" />
64-->[androidx.emoji2:emoji2:1.3.0] AndroidManifest.xml:31:17-49
65            <meta-data
65-->[androidx.lifecycle:lifecycle-process:2.6.1] AndroidManifest.xml:29:13-31:52
66                android:name="androidx.lifecycle.ProcessLifecycleInitializer"
66-->[androidx.lifecycle:lifecycle-process:2.6.1] AndroidManifest.xml:30:17-78
67                android:value="androidx.startup" />
67-->[androidx.lifecycle:lifecycle-process:2.6.1] AndroidManifest.xml:31:17-49
68            <meta-data
68-->[androidx.profileinstaller:profileinstaller:1.3.0] AndroidManifest.xml:29:13-31:52
69                android:name="androidx.profileinstaller.ProfileInstallerInitializer"
69-->[androidx.profileinstaller:profileinstaller:1.3.0] AndroidManifest.xml:30:17-85
70                android:value="androidx.startup" />
70-->[androidx.profileinstaller:profileinstaller:1.3.0] AndroidManifest.xml:31:17-49
71        </provider>
72
73        <service
73-->[androidx.work:work-runtime:2.7.0] AndroidManifest.xml:41:9-46:35
74            android:name="androidx.work.impl.background.systemalarm.SystemAlarmService"
74-->[androidx.work:work-runtime:2.7.0] AndroidManifest.xml:42:13-88
75            android:directBootAware="false"
75-->[androidx.work:work-runtime:2.7.0] AndroidManifest.xml:43:13-44
76            android:enabled="@bool/enable_system_alarm_service_default"
76-->[androidx.work:work-runtime:2.7.0] AndroidManifest.xml:44:13-72
77            android:exported="false" />
77-->[androidx.work:work-runtime:2.7.0] AndroidManifest.xml:45:13-37
78        <service
78-->[androidx.work:work-runtime:2.7.0] AndroidManifest.xml:47:9-53:35
79            android:name="androidx.work.impl.background.systemjob.SystemJobService"
79-->[androidx.work:work-runtime:2.7.0] AndroidManifest.xml:48:13-84
80            android:directBootAware="false"
80-->[androidx.work:work-runtime:2.7.0] AndroidManifest.xml:49:13-44
81            android:enabled="@bool/enable_system_job_service_default"
81-->[androidx.work:work-runtime:2.7.0] AndroidManifest.xml:50:13-70
82            android:exported="true"
82-->[androidx.work:work-runtime:2.7.0] AndroidManifest.xml:51:13-36
83            android:permission="android.permission.BIND_JOB_SERVICE" />
83-->[androidx.work:work-runtime:2.7.0] AndroidManifest.xml:52:13-69
84        <service
84-->[androidx.work:work-runtime:2.7.0] AndroidManifest.xml:54:9-59:35
85            android:name="androidx.work.impl.foreground.SystemForegroundService"
85-->[androidx.work:work-runtime:2.7.0] AndroidManifest.xml:55:13-81
86            android:directBootAware="false"
86-->[androidx.work:work-runtime:2.7.0] AndroidManifest.xml:56:13-44
87            android:enabled="@bool/enable_system_foreground_service_default"
87-->[androidx.work:work-runtime:2.7.0] AndroidManifest.xml:57:13-77
88            android:exported="false" />
88-->[androidx.work:work-runtime:2.7.0] AndroidManifest.xml:58:13-37
89
90        <receiver
90-->[androidx.work:work-runtime:2.7.0] AndroidManifest.xml:61:9-66:35
91            android:name="androidx.work.impl.utils.ForceStopRunnable$BroadcastReceiver"
91-->[androidx.work:work-runtime:2.7.0] AndroidManifest.xml:62:13-88
92            android:directBootAware="false"
92-->[androidx.work:work-runtime:2.7.0] AndroidManifest.xml:63:13-44
93            android:enabled="true"
93-->[androidx.work:work-runtime:2.7.0] AndroidManifest.xml:64:13-35
94            android:exported="false" />
94-->[androidx.work:work-runtime:2.7.0] AndroidManifest.xml:65:13-37
95        <receiver
95-->[androidx.work:work-runtime:2.7.0] AndroidManifest.xml:67:9-77:20
96            android:name="androidx.work.impl.background.systemalarm.ConstraintProxy$BatteryChargingProxy"
96-->[androidx.work:work-runtime:2.7.0] AndroidManifest.xml:68:13-106
97            android:directBootAware="false"
97-->[androidx.work:work-runtime:2.7.0] AndroidManifest.xml:69:13-44
98            android:enabled="false"
98-->[androidx.work:work-runtime:2.7.0] AndroidManifest.xml:70:13-36
99            android:exported="false" >
99-->[androidx.work:work-runtime:2.7.0] AndroidManifest.xml:71:13-37
100            <intent-filter>
100-->[androidx.work:work-runtime:2.7.0] AndroidManifest.xml:73:13-76:29
101                <action android:name="android.intent.action.ACTION_POWER_CONNECTED" />
101-->[androidx.work:work-runtime:2.7.0] AndroidManifest.xml:74:17-87
101-->[androidx.work:work-runtime:2.7.0] AndroidManifest.xml:74:25-84
102                <action android:name="android.intent.action.ACTION_POWER_DISCONNECTED" />
102-->[androidx.work:work-runtime:2.7.0] AndroidManifest.xml:75:17-90
102-->[androidx.work:work-runtime:2.7.0] AndroidManifest.xml:75:25-87
103            </intent-filter>
104        </receiver>
105        <receiver
105-->[androidx.work:work-runtime:2.7.0] AndroidManifest.xml:78:9-88:20
106            android:name="androidx.work.impl.background.systemalarm.ConstraintProxy$BatteryNotLowProxy"
106-->[androidx.work:work-runtime:2.7.0] AndroidManifest.xml:79:13-104
107            android:directBootAware="false"
107-->[androidx.work:work-runtime:2.7.0] AndroidManifest.xml:80:13-44
108            android:enabled="false"
108-->[androidx.work:work-runtime:2.7.0] AndroidManifest.xml:81:13-36
109            android:exported="false" >
109-->[androidx.work:work-runtime:2.7.0] AndroidManifest.xml:82:13-37
110            <intent-filter>
110-->[androidx.work:work-runtime:2.7.0] AndroidManifest.xml:84:13-87:29
111                <action android:name="android.intent.action.BATTERY_OKAY" />
111-->[androidx.work:work-runtime:2.7.0] AndroidManifest.xml:85:17-77
111-->[androidx.work:work-runtime:2.7.0] AndroidManifest.xml:85:25-74
112                <action android:name="android.intent.action.BATTERY_LOW" />
112-->[androidx.work:work-runtime:2.7.0] AndroidManifest.xml:86:17-76
112-->[androidx.work:work-runtime:2.7.0] AndroidManifest.xml:86:25-73
113            </intent-filter>
114        </receiver>
115        <receiver
115-->[androidx.work:work-runtime:2.7.0] AndroidManifest.xml:89:9-99:20
116            android:name="androidx.work.impl.background.systemalarm.ConstraintProxy$StorageNotLowProxy"
116-->[androidx.work:work-runtime:2.7.0] AndroidManifest.xml:90:13-104
117            android:directBootAware="false"
117-->[androidx.work:work-runtime:2.7.0] AndroidManifest.xml:91:13-44
118            android:enabled="false"
118-->[androidx.work:work-runtime:2.7.0] AndroidManifest.xml:92:13-36
119            android:exported="false" >
119-->[androidx.work:work-runtime:2.7.0] AndroidManifest.xml:93:13-37
120            <intent-filter>
120-->[androidx.work:work-runtime:2.7.0] AndroidManifest.xml:95:13-98:29
121                <action android:name="android.intent.action.DEVICE_STORAGE_LOW" />
121-->[androidx.work:work-runtime:2.7.0] AndroidManifest.xml:96:17-83
121-->[androidx.work:work-runtime:2.7.0] AndroidManifest.xml:96:25-80
122                <action android:name="android.intent.action.DEVICE_STORAGE_OK" />
122-->[androidx.work:work-runtime:2.7.0] AndroidManifest.xml:97:17-82
122-->[androidx.work:work-runtime:2.7.0] AndroidManifest.xml:97:25-79
123            </intent-filter>
124        </receiver>
125        <receiver
125-->[androidx.work:work-runtime:2.7.0] AndroidManifest.xml:100:9-109:20
126            android:name="androidx.work.impl.background.systemalarm.ConstraintProxy$NetworkStateProxy"
126-->[androidx.work:work-runtime:2.7.0] AndroidManifest.xml:101:13-103
127            android:directBootAware="false"
127-->[androidx.work:work-runtime:2.7.0] AndroidManifest.xml:102:13-44
128            android:enabled="false"
128-->[androidx.work:work-runtime:2.7.0] AndroidManifest.xml:103:13-36
129            android:exported="false" >
129-->[androidx.work:work-runtime:2.7.0] AndroidManifest.xml:104:13-37
130            <intent-filter>
130-->[androidx.work:work-runtime:2.7.0] AndroidManifest.xml:106:13-108:29
131                <action android:name="android.net.conn.CONNECTIVITY_CHANGE" />
131-->[androidx.work:work-runtime:2.7.0] AndroidManifest.xml:107:17-79
131-->[androidx.work:work-runtime:2.7.0] AndroidManifest.xml:107:25-76
132            </intent-filter>
133        </receiver>
134        <receiver
134-->[androidx.work:work-runtime:2.7.0] AndroidManifest.xml:110:9-121:20
135            android:name="androidx.work.impl.background.systemalarm.RescheduleReceiver"
135-->[androidx.work:work-runtime:2.7.0] AndroidManifest.xml:111:13-88
136            android:directBootAware="false"
136-->[androidx.work:work-runtime:2.7.0] AndroidManifest.xml:112:13-44
137            android:enabled="false"
137-->[androidx.work:work-runtime:2.7.0] AndroidManifest.xml:113:13-36
138            android:exported="false" >
138-->[androidx.work:work-runtime:2.7.0] AndroidManifest.xml:114:13-37
139            <intent-filter>
139-->[androidx.work:work-runtime:2.7.0] AndroidManifest.xml:116:13-120:29
140                <action android:name="android.intent.action.BOOT_COMPLETED" />
140-->[androidx.work:work-runtime:2.7.0] AndroidManifest.xml:117:17-79
140-->[androidx.work:work-runtime:2.7.0] AndroidManifest.xml:117:25-76
141                <action android:name="android.intent.action.TIME_SET" />
141-->[androidx.work:work-runtime:2.7.0] AndroidManifest.xml:118:17-73
141-->[androidx.work:work-runtime:2.7.0] AndroidManifest.xml:118:25-70
142                <action android:name="android.intent.action.TIMEZONE_CHANGED" />
142-->[androidx.work:work-runtime:2.7.0] AndroidManifest.xml:119:17-81
142-->[androidx.work:work-runtime:2.7.0] AndroidManifest.xml:119:25-78
143            </intent-filter>
144        </receiver>
145        <receiver
145-->[androidx.work:work-runtime:2.7.0] AndroidManifest.xml:122:9-131:20
146            android:name="androidx.work.impl.background.systemalarm.ConstraintProxyUpdateReceiver"
146-->[androidx.work:work-runtime:2.7.0] AndroidManifest.xml:123:13-99
147            android:directBootAware="false"
147-->[androidx.work:work-runtime:2.7.0] AndroidManifest.xml:124:13-44
148            android:enabled="@bool/enable_system_alarm_service_default"
148-->[androidx.work:work-runtime:2.7.0] AndroidManifest.xml:125:13-72
149            android:exported="false" >
149-->[androidx.work:work-runtime:2.7.0] AndroidManifest.xml:126:13-37
150            <intent-filter>
150-->[androidx.work:work-runtime:2.7.0] AndroidManifest.xml:128:13-130:29
151                <action android:name="androidx.work.impl.background.systemalarm.UpdateProxies" />
151-->[androidx.work:work-runtime:2.7.0] AndroidManifest.xml:129:17-98
151-->[androidx.work:work-runtime:2.7.0] AndroidManifest.xml:129:25-95
152            </intent-filter>
153        </receiver>
154        <receiver
154-->[androidx.work:work-runtime:2.7.0] AndroidManifest.xml:132:9-142:20
155            android:name="androidx.work.impl.diagnostics.DiagnosticsReceiver"
155-->[androidx.work:work-runtime:2.7.0] AndroidManifest.xml:133:13-78
156            android:directBootAware="false"
156-->[androidx.work:work-runtime:2.7.0] AndroidManifest.xml:134:13-44
157            android:enabled="true"
157-->[androidx.work:work-runtime:2.7.0] AndroidManifest.xml:135:13-35
158            android:exported="true"
158-->[androidx.work:work-runtime:2.7.0] AndroidManifest.xml:136:13-36
159            android:permission="android.permission.DUMP" >
159-->[androidx.work:work-runtime:2.7.0] AndroidManifest.xml:137:13-57
160            <intent-filter>
160-->[androidx.work:work-runtime:2.7.0] AndroidManifest.xml:139:13-141:29
161                <action android:name="androidx.work.diagnostics.REQUEST_DIAGNOSTICS" />
161-->[androidx.work:work-runtime:2.7.0] AndroidManifest.xml:140:17-88
161-->[androidx.work:work-runtime:2.7.0] AndroidManifest.xml:140:25-85
162            </intent-filter>
163        </receiver>
164
165        <activity
165-->[androidx.compose.ui:ui-tooling-android:1.6.5] AndroidManifest.xml:23:9-25:39
166            android:name="androidx.compose.ui.tooling.PreviewActivity"
166-->[androidx.compose.ui:ui-tooling-android:1.6.5] AndroidManifest.xml:24:13-71
167            android:exported="true" />
167-->[androidx.compose.ui:ui-tooling-android:1.6.5] AndroidManifest.xml:25:13-36
168
169        <service
169-->[androidx.room:room-runtime:2.4.3] AndroidManifest.xml:25:9-28:40
170            android:name="androidx.room.MultiInstanceInvalidationService"
170-->[androidx.room:room-runtime:2.4.3] AndroidManifest.xml:26:13-74
171            android:directBootAware="true"
171-->[androidx.room:room-runtime:2.4.3] AndroidManifest.xml:27:13-43
172            android:exported="false" />
172-->[androidx.room:room-runtime:2.4.3] AndroidManifest.xml:28:13-37
173
174        <receiver
174-->[androidx.profileinstaller:profileinstaller:1.3.0] AndroidManifest.xml:34:9-52:20
175            android:name="androidx.profileinstaller.ProfileInstallReceiver"
175-->[androidx.profileinstaller:profileinstaller:1.3.0] AndroidManifest.xml:35:13-76
176            android:directBootAware="false"
176-->[androidx.profileinstaller:profileinstaller:1.3.0] AndroidManifest.xml:36:13-44
177            android:enabled="true"
177-->[androidx.profileinstaller:profileinstaller:1.3.0] AndroidManifest.xml:37:13-35
178            android:exported="true"
178-->[androidx.profileinstaller:profileinstaller:1.3.0] AndroidManifest.xml:38:13-36
179            android:permission="android.permission.DUMP" >
179-->[androidx.profileinstaller:profileinstaller:1.3.0] AndroidManifest.xml:39:13-57
180            <intent-filter>
180-->[androidx.profileinstaller:profileinstaller:1.3.0] AndroidManifest.xml:40:13-42:29
181                <action android:name="androidx.profileinstaller.action.INSTALL_PROFILE" />
181-->[androidx.profileinstaller:profileinstaller:1.3.0] AndroidManifest.xml:41:17-91
181-->[androidx.profileinstaller:profileinstaller:1.3.0] AndroidManifest.xml:41:25-88
182            </intent-filter>
183            <intent-filter>
183-->[androidx.profileinstaller:profileinstaller:1.3.0] AndroidManifest.xml:43:13-45:29
184                <action android:name="androidx.profileinstaller.action.SKIP_FILE" />
184-->[androidx.profileinstaller:profileinstaller:1.3.0] AndroidManifest.xml:44:17-85
184-->[androidx.profileinstaller:profileinstaller:1.3.0] AndroidManifest.xml:44:25-82
185            </intent-filter>
186            <intent-filter>
186-->[androidx.profileinstaller:profileinstaller:1.3.0] AndroidManifest.xml:46:13-48:29
187                <action android:name="androidx.profileinstaller.action.SAVE_PROFILE" />
187-->[androidx.profileinstaller:profileinstaller:1.3.0] AndroidManifest.xml:47:17-88
187-->[androidx.profileinstaller:profileinstaller:1.3.0] AndroidManifest.xml:47:25-85
188            </intent-filter>
189            <intent-filter>
189-->[androidx.profileinstaller:profileinstaller:1.3.0] AndroidManifest.xml:49:13-51:29
190                <action android:name="androidx.profileinstaller.action.BENCHMARK_OPERATION" />
190-->[androidx.profileinstaller:profileinstaller:1.3.0] AndroidManifest.xml:50:17-95
190-->[androidx.profileinstaller:profileinstaller:1.3.0] AndroidManifest.xml:50:25-92
191            </intent-filter>
192        </receiver>
193    </application>
194
195</manifest>